<?xml version="1.0" encoding="UTF-8"?>
<!-- Generated by org.testng.reporters.JUnitXMLReporter -->
<testsuite hostname="Kacode-MBP" ignored="0" name="Test" tests="6" failures="1" timestamp="07 Jul 2022 01:57:13 GMT" time="5.937" errors="0">
  <testcase name="test1" time="0.01" classname="listeners.TestNgListenerDemo"/>
  <testcase name="test2" time="5.885" classname="listeners.TestNgListenerDemo"/>
  <testcase name="test3" time="0.002" classname="listeners.TestNgListenerDemo">
    <skipped/>
  </testcase> <!-- test3 -->
  <testcase name="test4" time="0.001" classname="listeners.TestNgListenerDemo2"/>
  <testcase name="test5" time="0.005" classname="listeners.TestNgListenerDemo2">
    <failure type="java.lang.AssertionError">
      <![CDATA[java.lang.AssertionError
at org.junit.Assert.fail(Assert.java:87)
at org.junit.Assert.assertTrue(Assert.java:42)
at org.junit.Assert.assertTrue(Assert.java:53)
at listeners.TestNgListenerDemo2.test5(TestNgListenerDemo2.java:19)
... Removed 25 stack frames]]>
    </failure>
  </testcase> <!-- test5 -->
  <testcase name="test6" time="0.002" classname="listeners.TestNgListenerDemo2">
    <skipped/>
  </testcase> <!-- test6 -->
</testsuite> <!-- Test -->
