<?xml version="1.0" encoding="UTF-8"?>
<testng-results skipped="0" failed="0" ignored="0" total="1" passed="1">
  <reporter-output>
  </reporter-output>
  <suite name="Default suite" duration-ms="18791" started-at="2022-07-13T02:06:53Z" finished-at="2022-07-13T02:07:11Z">
    <groups>
    </groups>
    <test name="Default test" duration-ms="18791" started-at="2022-07-13T02:06:53Z" finished-at="2022-07-13T02:07:11Z">
      <class name="demo.UntitledTestCase">
        <test-method status="PASS" signature="setUp()[pri:0, instance:demo.UntitledTestCase@65e2dbf3]" name="setUp" is-config="true" duration-ms="5171" started-at="2022-07-13T02:06:53Z" finished-at="2022-07-13T02:06:58Z">
          <reporter-output>
          </reporter-output>
        </test-method> <!-- setUp -->
        <test-method status="PASS" signature="testUntitledTestCase()[pri:0, instance:demo.UntitledTestCase@65e2dbf3]" name="testUntitledTestCase" duration-ms="13396" started-at="2022-07-13T02:06:58Z" finished-at="2022-07-13T02:07:11Z">
          <reporter-output>
          </reporter-output>
        </test-method> <!-- testUntitledTestCase -->
        <test-method status="PASS" signature="tearDown()[pri:0, instance:demo.UntitledTestCase@65e2dbf3]" name="tearDown" is-config="true" duration-ms="207" started-at="2022-07-13T02:07:11Z" finished-at="2022-07-13T02:07:11Z">
          <reporter-output>
          </reporter-output>
        </test-method> <!-- tearDown -->
      </class> <!-- demo.UntitledTestCase -->
    </test> <!-- Default test -->
  </suite> <!-- Default suite -->
</testng-results>
